Watching for file changes with StatReloader
Watching for file changes with StatReloader
Watching for file changes with StatReloader
/Users/ROFI/Develop/proyek/hybridLms/hybrid_lms/settings.py changed, reloading.
Watching for file changes with StatReloader
/Users/ROFI/Develop/proyek/hybridLms/live_sessions/apps.py changed, reloading.
Watching for file changes with StatReloader
Watching for file changes with StatReloader
Not Found: /
"GET / HTTP/1.1" 404 4607
Not Found: /favicon.ico
"GET /favicon.ico HTTP/1.1" 404 4658
/Users/ROFI/Develop/proyek/hybridLms/hybrid_lms/settings.py changed, reloading.
Watching for file changes with StatReloader
/Users/ROFI/Develop/proyek/hybridLms/hybrid_lms/settings.py changed, reloading.
Watching for file changes with StatReloader
/Users/ROFI/Develop/proyek/hybridLms/accounts/views.py changed, reloading.
Watching for file changes with StatReloader
/Users/ROFI/Develop/proyek/hybridLms/accounts/views.py changed, reloading.
Watching for file changes with StatReloader
/Users/ROFI/Develop/proyek/hybridLms/accounts/views.py changed, reloading.
Watching for file changes with StatReloader
/Users/ROFI/Develop/proyek/hybridLms/accounts/views.py changed, reloading.
Watching for file changes with StatReloader
/Users/ROFI/Develop/proyek/hybridLms/accounts/views.py changed, reloading.
Watching for file changes with StatReloader
Watching for file changes with StatReloader
"GET /api/docs/ HTTP/1.1" 200 4719
"GET /api/redoc/ HTTP/1.1" 200 1200
"GET /api/schema/ HTTP/1.1" 200 235215
- Broken pipe from ('127.0.0.1', 64370)
Watching for file changes with StatReloader
Not Found: /
"GET / HTTP/1.1" 404 4607
"GET /api/docs HTTP/1.1" 301 0
"GET /api/docs/ HTTP/1.1" 200 4719
"GET /api/schema/ HTTP/1.1" 200 489650
Unauthorized: /api/v1/auth/login/
"POST /api/v1/auth/login/ HTTP/1.1" 401 63
Bad Request: /api/v1/auth/register/
"POST /api/v1/auth/register/ HTTP/1.1" 400 87
Internal Server Error: /api/v1/auth/register/
Traceback (most recent call last):
  File "/Users/ROFI/Develop/proyek/hybridLms/venv/lib/python3.13/site-packages/django/db/backends/utils.py", line 105, in _execute
    return self.cursor.execute(sql, params)
           ~~~~~~~~~~~~~~~~~~~^^^^^^^^^^^^^
  File "/Users/ROFI/Develop/proyek/hybridLms/venv/lib/python3.13/site-packages/django/db/backends/sqlite3/base.py", line 360, in execute
    return super().execute(query, params)
           ~~~~~~~~~~~~~~~^^^^^^^^^^^^^^^
sqlite3.IntegrityError: UNIQUE constraint failed: user_profiles.user_id

The above exception was the direct cause of the following exception:

Traceback (most recent call last):
  File "/Users/ROFI/Develop/proyek/hybridLms/venv/lib/python3.13/site-packages/django/core/handlers/exception.py", line 55, in inner
    response = get_response(request)
  File "/Users/ROFI/Develop/proyek/hybridLms/venv/lib/python3.13/site-packages/django/core/handlers/base.py", line 197, in _get_response
    response = wrapped_callback(request, *callback_args, **callback_kwargs)
  File "/Users/ROFI/Develop/proyek/hybridLms/venv/lib/python3.13/site-packages/django/views/decorators/csrf.py", line 65, in _view_wrapper
    return view_func(request, *args, **kwargs)
  File "/Users/ROFI/Develop/proyek/hybridLms/venv/lib/python3.13/site-packages/django/views/generic/base.py", line 105, in view
    return self.dispatch(request, *args, **kwargs)
           ~~~~~~~~~~~~~^^^^^^^^^^^^^^^^^^^^^^^^^^
  File "/Users/ROFI/Develop/proyek/hybridLms/venv/lib/python3.13/site-packages/rest_framework/views.py", line 509, in dispatch
    response = self.handle_exception(exc)
  File "/Users/ROFI/Develop/proyek/hybridLms/venv/lib/python3.13/site-packages/rest_framework/views.py", line 469, in handle_exception
    self.raise_uncaught_exception(exc)
    ~~~~~~~~~~~~~~~~~~~~~~~~~~~~~^^^^^
  File "/Users/ROFI/Develop/proyek/hybridLms/venv/lib/python3.13/site-packages/rest_framework/views.py", line 480, in raise_uncaught_exception
    raise exc
  File "/Users/ROFI/Develop/proyek/hybridLms/venv/lib/python3.13/site-packages/rest_framework/views.py", line 506, in dispatch
    response = handler(request, *args, **kwargs)
  File "/Users/ROFI/Develop/proyek/hybridLms/venv/lib/python3.13/site-packages/rest_framework/generics.py", line 190, in post
    return self.create(request, *args, **kwargs)
           ~~~~~~~~~~~^^^^^^^^^^^^^^^^^^^^^^^^^^
  File "/Users/ROFI/Develop/proyek/hybridLms/accounts/views.py", line 190, in create
    UserProfile.objects.create(user=user)
    ~~~~~~~~~~~~~~~~~~~~~~~~~~^^^^^^^^^^^
  File "/Users/ROFI/Develop/proyek/hybridLms/venv/lib/python3.13/site-packages/django/db/models/manager.py", line 87, in manager_method
    return getattr(self.get_queryset(), name)(*args, **kwargs)
           ~~~~~~~~~~~~~~~~~~~~~~~~~~~~~~~~~~^^^^^^^^^^^^^^^^^
  File "/Users/ROFI/Develop/proyek/hybridLms/venv/lib/python3.13/site-packages/django/db/models/query.py", line 663, in create
    obj.save(force_insert=True, using=self.db)
    ~~~~~~~~^^^^^^^^^^^^^^^^^^^^^^^^^^^^^^^^^^
  File "/Users/ROFI/Develop/proyek/hybridLms/venv/lib/python3.13/site-packages/django/db/models/base.py", line 902, in save
    self.save_base(
    ~~~~~~~~~~~~~~^
        using=using,
        ^^^^^^^^^^^^
    ...<2 lines>...
        update_fields=update_fields,
        ^^^^^^^^^^^^^^^^^^^^^^^^^^^^
    )
    ^
  File "/Users/ROFI/Develop/proyek/hybridLms/venv/lib/python3.13/site-packages/django/db/models/base.py", line 1008, in save_base
    updated = self._save_table(
        raw,
    ...<4 lines>...
        update_fields,
    )
  File "/Users/ROFI/Develop/proyek/hybridLms/venv/lib/python3.13/site-packages/django/db/models/base.py", line 1169, in _save_table
    results = self._do_insert(
        cls._base_manager, using, fields, returning_fields, raw
    )
  File "/Users/ROFI/Develop/proyek/hybridLms/venv/lib/python3.13/site-packages/django/db/models/base.py", line 1210, in _do_insert
    return manager._insert(
           ~~~~~~~~~~~~~~~^
        [self],
        ^^^^^^^
    ...<3 lines>...
        raw=raw,
        ^^^^^^^^
    )
    ^
  File "/Users/ROFI/Develop/proyek/hybridLms/venv/lib/python3.13/site-packages/django/db/models/manager.py", line 87, in manager_method
    return getattr(self.get_queryset(), name)(*args, **kwargs)
           ~~~~~~~~~~~~~~~~~~~~~~~~~~~~~~~~~~^^^^^^^^^^^^^^^^^
  File "/Users/ROFI/Develop/proyek/hybridLms/venv/lib/python3.13/site-packages/django/db/models/query.py", line 1868, in _insert
    return query.get_compiler(using=using).execute_sql(returning_fields)
           ~~~~~~~~~~~~~~~~~~~~~~~~~~~~~~~~~~~~~~~~~~~^^^^^^^^^^^^^^^^^^
  File "/Users/ROFI/Develop/proyek/hybridLms/venv/lib/python3.13/site-packages/django/db/models/sql/compiler.py", line 1882, in execute_sql
    cursor.execute(sql, params)
    ~~~~~~~~~~~~~~^^^^^^^^^^^^^
  File "/Users/ROFI/Develop/proyek/hybridLms/venv/lib/python3.13/site-packages/django/db/backends/utils.py", line 122, in execute
    return super().execute(sql, params)
           ~~~~~~~~~~~~~~~^^^^^^^^^^^^^
  File "/Users/ROFI/Develop/proyek/hybridLms/venv/lib/python3.13/site-packages/django/db/backends/utils.py", line 79, in execute
    return self._execute_with_wrappers(
           ~~~~~~~~~~~~~~~~~~~~~~~~~~~^
        sql, params, many=False, executor=self._execute
        ^^^^^^^^^^^^^^^^^^^^^^^^^^^^^^^^^^^^^^^^^^^^^^^
    )
    ^
  File "/Users/ROFI/Develop/proyek/hybridLms/venv/lib/python3.13/site-packages/django/db/backends/utils.py", line 92, in _execute_with_wrappers
    return executor(sql, params, many, context)
  File "/Users/ROFI/Develop/proyek/hybridLms/venv/lib/python3.13/site-packages/django/db/backends/utils.py", line 100, in _execute
    with self.db.wrap_database_errors:
         ^^^^^^^^^^^^^^^^^^^^^^^^^^^^
  File "/Users/ROFI/Develop/proyek/hybridLms/venv/lib/python3.13/site-packages/django/db/utils.py", line 91, in __exit__
    raise dj_exc_value.with_traceback(traceback) from exc_value
  File "/Users/ROFI/Develop/proyek/hybridLms/venv/lib/python3.13/site-packages/django/db/backends/utils.py", line 105, in _execute
    return self.cursor.execute(sql, params)
           ~~~~~~~~~~~~~~~~~~~^^^^^^^^^^^^^
  File "/Users/ROFI/Develop/proyek/hybridLms/venv/lib/python3.13/site-packages/django/db/backends/sqlite3/base.py", line 360, in execute
    return super().execute(query, params)
           ~~~~~~~~~~~~~~~^^^^^^^^^^^^^^^
django.db.utils.IntegrityError: UNIQUE constraint failed: user_profiles.user_id
"POST /api/v1/auth/register/ HTTP/1.1" 500 34404
Bad Request: /api/v1/auth/register/
"POST /api/v1/auth/register/ HTTP/1.1" 400 107
Bad Request: /api/v1/auth/register/
"POST /api/v1/auth/register/ HTTP/1.1" 400 107
"POST /api/v1/auth/login/ HTTP/1.1" 200 657
Bad Request: /api/v1/gamification/daily-login/
Watching for file changes with StatReloader
Watching for file changes with StatReloader
Not Found: /
"GET / HTTP/1.1" 404 4934
"GET /api/docs/ HTTP/1.1" 200 4719
"GET /api/schema/ HTTP/1.1" 200 946469
Watching for file changes with StatReloader
"GET /api/docs/ HTTP/1.1" 200 4719
"GET /api/schema/ HTTP/1.1" 200 961139
/Users/ROFI/Develop/proyek/hybridLms/accounts/serializers.py changed, reloading.
Watching for file changes with StatReloader
/Users/ROFI/Develop/proyek/hybridLms/accounts/views.py changed, reloading.
Watching for file changes with StatReloader
/Users/ROFI/Develop/proyek/hybridLms/accounts/views.py changed, reloading.
Watching for file changes with StatReloader
/Users/ROFI/Develop/proyek/hybridLms/accounts/views.py changed, reloading.
Watching for file changes with StatReloader
/Users/ROFI/Develop/proyek/hybridLms/accounts/views.py changed, reloading.
Watching for file changes with StatReloader
/Users/ROFI/Develop/proyek/hybridLms/accounts/views.py changed, reloading.
Watching for file changes with StatReloader
/Users/ROFI/Develop/proyek/hybridLms/accounts/views.py changed, reloading.
Watching for file changes with StatReloader
Unauthorized: /api/v1/auth/login/
"POST /api/v1/auth/login/ HTTP/1.1" 401 63
Internal Server Error: /api/v1/auth/register/
Traceback (most recent call last):
  File "/Users/ROFI/Develop/proyek/hybridLms/venv/lib/python3.13/site-packages/django/db/backends/utils.py", line 105, in _execute
    return self.cursor.execute(sql, params)
           ~~~~~~~~~~~~~~~~~~~^^^^^^^^^^^^^
  File "/Users/ROFI/Develop/proyek/hybridLms/venv/lib/python3.13/site-packages/django/db/backends/sqlite3/base.py", line 360, in execute
    return super().execute(query, params)
           ~~~~~~~~~~~~~~~^^^^^^^^^^^^^^^
sqlite3.IntegrityError: UNIQUE constraint failed: user_profiles.user_id

The above exception was the direct cause of the following exception:

Traceback (most recent call last):
  File "/Users/ROFI/Develop/proyek/hybridLms/venv/lib/python3.13/site-packages/django/core/handlers/exception.py", line 55, in inner
    response = get_response(request)
  File "/Users/ROFI/Develop/proyek/hybridLms/venv/lib/python3.13/site-packages/django/core/handlers/base.py", line 197, in _get_response
    response = wrapped_callback(request, *callback_args, **callback_kwargs)
  File "/Users/ROFI/Develop/proyek/hybridLms/venv/lib/python3.13/site-packages/django/views/decorators/csrf.py", line 65, in _view_wrapper
    return view_func(request, *args, **kwargs)
  File "/Users/ROFI/Develop/proyek/hybridLms/venv/lib/python3.13/site-packages/django/views/generic/base.py", line 105, in view
    return self.dispatch(request, *args, **kwargs)
           ~~~~~~~~~~~~~^^^^^^^^^^^^^^^^^^^^^^^^^^
  File "/Users/ROFI/Develop/proyek/hybridLms/venv/lib/python3.13/site-packages/rest_framework/views.py", line 509, in dispatch
    response = self.handle_exception(exc)
  File "/Users/ROFI/Develop/proyek/hybridLms/venv/lib/python3.13/site-packages/rest_framework/views.py", line 469, in handle_exception
    self.raise_uncaught_exception(exc)
    ~~~~~~~~~~~~~~~~~~~~~~~~~~~~~^^^^^
  File "/Users/ROFI/Develop/proyek/hybridLms/venv/lib/python3.13/site-packages/rest_framework/views.py", line 480, in raise_uncaught_exception
    raise exc
  File "/Users/ROFI/Develop/proyek/hybridLms/venv/lib/python3.13/site-packages/rest_framework/views.py", line 506, in dispatch
    response = handler(request, *args, **kwargs)
  File "/Users/ROFI/Develop/proyek/hybridLms/venv/lib/python3.13/site-packages/rest_framework/generics.py", line 190, in post
    return self.create(request, *args, **kwargs)
           ~~~~~~~~~~~^^^^^^^^^^^^^^^^^^^^^^^^^^
  File "/Users/ROFI/Develop/proyek/hybridLms/accounts/views.py", line 227, in create
    UserProfile.objects.create(user=user)
    ~~~~~~~~~~~~~~~~~~~~~~~~~~^^^^^^^^^^^
  File "/Users/ROFI/Develop/proyek/hybridLms/venv/lib/python3.13/site-packages/django/db/models/manager.py", line 87, in manager_method
    return getattr(self.get_queryset(), name)(*args, **kwargs)
           ~~~~~~~~~~~~~~~~~~~~~~~~~~~~~~~~~~^^^^^^^^^^^^^^^^^
  File "/Users/ROFI/Develop/proyek/hybridLms/venv/lib/python3.13/site-packages/django/db/models/query.py", line 663, in create
    obj.save(force_insert=True, using=self.db)
    ~~~~~~~~^^^^^^^^^^^^^^^^^^^^^^^^^^^^^^^^^^
  File "/Users/ROFI/Develop/proyek/hybridLms/venv/lib/python3.13/site-packages/django/db/models/base.py", line 902, in save
    self.save_base(
    ~~~~~~~~~~~~~~^
        using=using,
        ^^^^^^^^^^^^
    ...<2 lines>...
        update_fields=update_fields,
        ^^^^^^^^^^^^^^^^^^^^^^^^^^^^
    )
    ^
  File "/Users/ROFI/Develop/proyek/hybridLms/venv/lib/python3.13/site-packages/django/db/models/base.py", line 1008, in save_base
    updated = self._save_table(
        raw,
    ...<4 lines>...
        update_fields,
    )
  File "/Users/ROFI/Develop/proyek/hybridLms/venv/lib/python3.13/site-packages/django/db/models/base.py", line 1169, in _save_table
    results = self._do_insert(
        cls._base_manager, using, fields, returning_fields, raw
    )
  File "/Users/ROFI/Develop/proyek/hybridLms/venv/lib/python3.13/site-packages/django/db/models/base.py", line 1210, in _do_insert
    return manager._insert(
           ~~~~~~~~~~~~~~~^
        [self],
        ^^^^^^^
    ...<3 lines>...
        raw=raw,
        ^^^^^^^^
    )
    ^
  File "/Users/ROFI/Develop/proyek/hybridLms/venv/lib/python3.13/site-packages/django/db/models/manager.py", line 87, in manager_method
    return getattr(self.get_queryset(), name)(*args, **kwargs)
           ~~~~~~~~~~~~~~~~~~~~~~~~~~~~~~~~~~^^^^^^^^^^^^^^^^^
  File "/Users/ROFI/Develop/proyek/hybridLms/venv/lib/python3.13/site-packages/django/db/models/query.py", line 1868, in _insert
    return query.get_compiler(using=using).execute_sql(returning_fields)
           ~~~~~~~~~~~~~~~~~~~~~~~~~~~~~~~~~~~~~~~~~~~^^^^^^^^^^^^^^^^^^
  File "/Users/ROFI/Develop/proyek/hybridLms/venv/lib/python3.13/site-packages/django/db/models/sql/compiler.py", line 1882, in execute_sql
    cursor.execute(sql, params)
    ~~~~~~~~~~~~~~^^^^^^^^^^^^^
  File "/Users/ROFI/Develop/proyek/hybridLms/venv/lib/python3.13/site-packages/django/db/backends/utils.py", line 122, in execute
    return super().execute(sql, params)
           ~~~~~~~~~~~~~~~^^^^^^^^^^^^^
  File "/Users/ROFI/Develop/proyek/hybridLms/venv/lib/python3.13/site-packages/django/db/backends/utils.py", line 79, in execute
    return self._execute_with_wrappers(
           ~~~~~~~~~~~~~~~~~~~~~~~~~~~^
        sql, params, many=False, executor=self._execute
        ^^^^^^^^^^^^^^^^^^^^^^^^^^^^^^^^^^^^^^^^^^^^^^^
    )
    ^
  File "/Users/ROFI/Develop/proyek/hybridLms/venv/lib/python3.13/site-packages/django/db/backends/utils.py", line 92, in _execute_with_wrappers
    return executor(sql, params, many, context)
  File "/Users/ROFI/Develop/proyek/hybridLms/venv/lib/python3.13/site-packages/django/db/backends/utils.py", line 100, in _execute
    with self.db.wrap_database_errors:
         ^^^^^^^^^^^^^^^^^^^^^^^^^^^^
  File "/Users/ROFI/Develop/proyek/hybridLms/venv/lib/python3.13/site-packages/django/db/utils.py", line 91, in __exit__
    raise dj_exc_value.with_traceback(traceback) from exc_value
  File "/Users/ROFI/Develop/proyek/hybridLms/venv/lib/python3.13/site-packages/django/db/backends/utils.py", line 105, in _execute
    return self.cursor.execute(sql, params)
           ~~~~~~~~~~~~~~~~~~~^^^^^^^^^^^^^
  File "/Users/ROFI/Develop/proyek/hybridLms/venv/lib/python3.13/site-packages/django/db/backends/sqlite3/base.py", line 360, in execute
    return super().execute(query, params)
           ~~~~~~~~~~~~~~~^^^^^^^^^^^^^^^
django.db.utils.IntegrityError: UNIQUE constraint failed: user_profiles.user_id
"POST /api/v1/auth/register/ HTTP/1.1" 500 35106
/Users/ROFI/Develop/proyek/hybridLms/accounts/views.py changed, reloading.
Watching for file changes with StatReloader
/Users/ROFI/Develop/proyek/hybridLms/accounts/views.py changed, reloading.
Watching for file changes with StatReloader
Watching for file changes with StatReloader
Bad Request: /api/v1/auth/register/
"POST /api/v1/auth/register/ HTTP/1.1" 400 107
"POST /api/v1/auth/login/ HTTP/1.1" 200 947
Watching for file changes with StatReloader
Watching for file changes with StatReloader
Not Found: /
"GET / HTTP/1.1" 404 4934
"GET /api/docs/ HTTP/1.1" 200 4719
"GET /api/schema/ HTTP/1.1" 200 962103
Watching for file changes with StatReloader
"GET /api/docs/ HTTP/1.1" 200 4719
"GET /api/schema/ HTTP/1.1" 200 962103
"POST /api/v1/auth/login/ HTTP/1.1" 200 947
Bad Request: /api/v1/auth/register/
"POST /api/v1/auth/register/ HTTP/1.1" 400 131
Bad Request: /api/v1/auth/register/
"POST /api/v1/auth/register/ HTTP/1.1" 400 82
/Users/ROFI/Develop/proyek/hybridLms/accounts/views.py changed, reloading.
Watching for file changes with StatReloader
/Users/ROFI/Develop/proyek/hybridLms/accounts/views.py changed, reloading.
Watching for file changes with StatReloader
"GET /api/docs/ HTTP/1.1" 200 4719
"GET /api/schema/ HTTP/1.1" 200 963258
"GET /api/schema/ HTTP/1.1" 200 484560
"GET /api/v1/navigation/tree/?group_type=admin HTTP/1.1" 200 61
/Users/ROFI/Develop/proyek/hybridLms/payments/urls.py changed, reloading.
Watching for file changes with StatReloader
/Users/ROFI/Develop/proyek/hybridLms/payments/views.py changed, reloading.
Watching for file changes with StatReloader
/Users/ROFI/Develop/proyek/hybridLms/payments/urls.py changed, reloading.
Watching for file changes with StatReloader
/Users/ROFI/Develop/proyek/hybridLms/payments/financial_urls.py changed, reloading.
Watching for file changes with StatReloader
Watching for file changes with StatReloader
Watching for file changes with StatReloader
"GET /api/docs/ HTTP/1.1" 200 4719
"GET /api/schema/ HTTP/1.1" 200 985663
Unauthorized: /api/v1/live-sessions/
"GET /api/v1/live-sessions/ HTTP/1.1" 401 58
"GET /api/v1/courses/ HTTP/1.1" 200 52
/Users/ROFI/Develop/proyek/hybridLms/hybrid_lms/urls.py changed, reloading.
Watching for file changes with StatReloader
Not Found: /
"GET / HTTP/1.1" 404 4926
/Users/ROFI/Develop/proyek/hybridLms/hybrid_lms/urls.py changed, reloading.
Watching for file changes with StatReloader
"GET / HTTP/1.1" 200 4719
"GET /api/schema/ HTTP/1.1" 200 986698
/Users/ROFI/Develop/proyek/hybridLms/hybrid_lms/urls.py changed, reloading.
Watching for file changes with StatReloader
Internal Server Error: /
Traceback (most recent call last):
  File "/Users/ROFI/Develop/proyek/hybridLms/venv/lib/python3.13/site-packages/django/core/handlers/exception.py", line 55, in inner
    response = get_response(request)
  File "/Users/ROFI/Develop/proyek/hybridLms/venv/lib/python3.13/site-packages/django/core/handlers/base.py", line 197, in _get_response
    response = wrapped_callback(request, *callback_args, **callback_kwargs)
TypeError: redirect_to_api() takes 0 positional arguments but 1 was given
"GET / HTTP/1.1" 500 80461
/Users/ROFI/Develop/proyek/hybridLms/hybrid_lms/urls.py changed, reloading.
Watching for file changes with StatReloader
"GET / HTTP/1.1" 302 0
"GET /api/docs/ HTTP/1.1" 200 4719
"GET /api/schema/ HTTP/1.1" 200 985663
/Users/ROFI/Develop/proyek/hybridLms/notifications/urls.py changed, reloading.
Watching for file changes with StatReloader
/Users/ROFI/Develop/proyek/hybridLms/notifications/urls.py changed, reloading.
Watching for file changes with StatReloader
Watching for file changes with StatReloader
/Users/ROFI/Develop/proyek/hybridLms/hybrid_lms/urls.py changed, reloading.
Watching for file changes with StatReloader
/Users/ROFI/Develop/proyek/hybridLms/hybrid_lms/settings.py changed, reloading.
Watching for file changes with StatReloader
/Users/ROFI/Develop/proyek/hybridLms/hybrid_lms/settings.py changed, reloading.
Watching for file changes with StatReloader
Watching for file changes with StatReloader
Watching for file changes with StatReloader
Watching for file changes with StatReloader
Watching for file changes with StatReloader
"GET /api/docs/ HTTP/1.1" 200 4719
"GET /api/schema/ HTTP/1.1" 200 1020770
/Users/ROFI/Develop/proyek/hybridLms/analytics/serializers.py changed, reloading.
Watching for file changes with StatReloader
/Users/ROFI/Develop/proyek/hybridLms/analytics/serializers.py changed, reloading.
Watching for file changes with StatReloader
/Users/ROFI/Develop/proyek/hybridLms/analytics/serializers.py changed, reloading.
Watching for file changes with StatReloader
Watching for file changes with StatReloader
"GET /api/docs/ HTTP/1.1" 200 4719
"GET /api/schema/ HTTP/1.1" 200 1021318
/Users/ROFI/Develop/proyek/hybridLms/analytics/serializers.py changed, reloading.
Watching for file changes with StatReloader
/Users/ROFI/Develop/proyek/hybridLms/analytics/serializers.py changed, reloading.
Watching for file changes with StatReloader
/Users/ROFI/Develop/proyek/hybridLms/analytics/views.py changed, reloading.
Watching for file changes with StatReloader
/Users/ROFI/Develop/proyek/hybridLms/health/views.py changed, reloading.
Watching for file changes with StatReloader
/Users/ROFI/Develop/proyek/hybridLms/analytics/views.py changed, reloading.
Watching for file changes with StatReloader
Watching for file changes with StatReloader
"GET /api/docs/ HTTP/1.1" 200 4719
"GET /api/schema/ HTTP/1.1" 200 1026923
/Users/ROFI/Develop/proyek/hybridLms/role_management/views.py changed, reloading.
Watching for file changes with StatReloader
/Users/ROFI/Develop/proyek/hybridLms/hybrid_lms/settings.py changed, reloading.
Watching for file changes with StatReloader
/Users/ROFI/Develop/proyek/hybridLms/hybrid_lms/settings.py changed, reloading.
Watching for file changes with StatReloader
/Users/ROFI/Develop/proyek/hybridLms/notifications/views.py changed, reloading.
Watching for file changes with StatReloader
/Users/ROFI/Develop/proyek/hybridLms/notifications/views.py changed, reloading.
Watching for file changes with StatReloader
Watching for file changes with StatReloader
"GET /api/docs/ HTTP/1.1" 200 4719
"GET /api/schema/ HTTP/1.1" 200 1033710
"GET /api/docs/ HTTP/1.1" 200 4719
"GET /api/docs/ HTTP/1.1" 200 4719
"GET /api/schema/ HTTP/1.1" 200 1033710
/Users/ROFI/Develop/proyek/hybridLms/hybrid_lms/settings.py changed, reloading.
Watching for file changes with StatReloader
/Users/ROFI/Develop/proyek/hybridLms/accounts/views.py changed, reloading.
Watching for file changes with StatReloader
/Users/ROFI/Develop/proyek/hybridLms/hybrid_lms/settings.py changed, reloading.
Watching for file changes with StatReloader
/Users/ROFI/Develop/proyek/hybridLms/accounts/urls.py changed, reloading.
Watching for file changes with StatReloader
/Users/ROFI/Develop/proyek/hybridLms/accounts/urls.py changed, reloading.
Watching for file changes with StatReloader
/Users/ROFI/Develop/proyek/hybridLms/venv/lib/python3.13/site-packages/social_django/models.py changed, reloading.
Watching for file changes with StatReloader
/Users/ROFI/Develop/proyek/hybridLms/hybrid_lms/settings.py changed, reloading.
Watching for file changes with StatReloader
/Users/ROFI/Develop/proyek/hybridLms/hybrid_lms/settings.py changed, reloading.
Watching for file changes with StatReloader
/Users/ROFI/Develop/proyek/hybridLms/hybrid_lms/urls.py changed, reloading.
Watching for file changes with StatReloader
/Users/ROFI/Develop/proyek/hybridLms/accounts/views.py changed, reloading.
Watching for file changes with StatReloader
/Users/ROFI/Develop/proyek/hybridLms/accounts/views.py changed, reloading.
Watching for file changes with StatReloader
Watching for file changes with StatReloader
"GET /api/docs/ HTTP/1.1" 200 4719
"GET /api/schema/ HTTP/1.1" 200 1034406
/Users/ROFI/Develop/proyek/hybridLms/hybrid_lms/settings.py changed, reloading.
Watching for file changes with StatReloader
/Users/ROFI/Develop/proyek/hybridLms/hybrid_lms/urls.py changed, reloading.
Watching for file changes with StatReloader
/Users/ROFI/Develop/proyek/hybridLms/accounts/views.py changed, reloading.
Watching for file changes with StatReloader
/Users/ROFI/Develop/proyek/hybridLms/hybrid_lms/settings.py changed, reloading.
Watching for file changes with StatReloader
/Users/ROFI/Develop/proyek/hybridLms/accounts/urls.py changed, reloading.
Watching for file changes with StatReloader
/Users/ROFI/Develop/proyek/hybridLms/hybrid_lms/settings.py changed, reloading.
Watching for file changes with StatReloader
/Users/ROFI/Develop/proyek/hybridLms/oauth/apps.py changed, reloading.
Watching for file changes with StatReloader
/Users/ROFI/Develop/proyek/hybridLms/hybrid_lms/settings.py changed, reloading.
Watching for file changes with StatReloader
Watching for file changes with StatReloader
